<?xml version="1.0" encoding="UTF-8"?>
<!-- Generated by org.testng.reporters.JUnitReportReporter -->
<testsuite hostname="LAPTOP-H45CF76B" failures="0" tests="5" name="com.testNg.testNgAnnotations" time="0.026" errors="0" timestamp="2022-08-16T03:32:43 EDT" skipped="0">
  <testcase classname="com.testNg.testNgAnnotations" name="testCase3" time="0.003"/>
  <system-out/>
  <testcase classname="com.testNg.testNgAnnotations" name="testCase4" time="0.004"/>
  <system-out/>
  <testcase classname="com.testNg.testNgAnnotations" name="testCase1" time="0.010"/>
  <system-out/>
  <testcase classname="com.testNg.testNgAnnotations" name="testCase2" time="0.004"/>
  <system-out/>
  <testcase classname="com.testNg.testNgAnnotations" name="testCase5" time="0.005"/>
  <system-out/>
</testsuite> <!-- com.testNg.testNgAnnotations -->
